d:\c++\astrology\astrology\astrology\debug\vc141.pdb
d:\c++\astrology\astrology\astrology\debug\vc141.idb
d:\c++\astrology\astrology\astrology\debug\calendarconv.obj
d:\c++\astrology\astrology\astrology\debug\canlendarconvdlg.obj
d:\c++\astrology\astrology\astrology\debug\catchscreendlg.obj
d:\c++\astrology\astrology\astrology\debug\edit.obj
d:\c++\astrology\astrology\astrology\debug\global.obj
d:\c++\astrology\astrology\astrology\debug\stdafx.obj
d:\c++\astrology\astrology\astrology\debug\calendarconvert.obj
d:\c++\astrology\astrology\astrology\debug\track.obj
d:\c++\astrology\astrology\astrology\debug\ziwei.obj
d:\c++\astrology\astrology\debug\astrology.exe
d:\c++\astrology\astrology\debug\astrology.ilk
d:\c++\astrology\astrology\debug\astrology.pdb
d:\c++\astrology\astrology\astrology\debug\astrology.tlog\cl.command.1.tlog
d:\c++\astrology\astrology\astrology\debug\astrology.tlog\cl.read.1.tlog
d:\c++\astrology\astrology\astrology\debug\astrology.tlog\cl.write.1.tlog
d:\c++\astrology\astrology\astrology\debug\astrology.tlog\link.command.1.tlog
d:\c++\astrology\astrology\astrology\debug\astrology.tlog\link.read.1.tlog
d:\c++\astrology\astrology\astrology\debug\astrology.tlog\link.write.1.tlog
